#
# There is insufficient memory for the Java Runtime Environment to continue.
# Native memory allocation (malloc) failed to allocate 1157536 bytes for Chunk::new
# Possible reasons:
#   The system is out of physical RAM or swap space
#   The process is running with CompressedOops enabled, and the Java Heap may be blocking the growth of the native heap
# Possible solutions:
#   Reduce memory load on the system
#   Increase physical memory or swap space
#   Check if swap backing store is full
#   Decrease Java heap size (-Xmx/-Xms)
#   Decrease number of Java threads
#   Decrease Java thread stack sizes (-Xss)
#   Set larger code cache with -XX:ReservedCodeCacheSize=
#   JVM is running with Unscaled Compressed Oops mode in which the Java heap is
#     placed in the first 4GB address space. The Java Heap base address is the
#     maximum limit for the native heap growth. Please use -XX:HeapBaseMinAddress
#     to set the Java Heap base and to place the Java Heap above 4GB virtual address.
# This output file may be truncated or incomplete.
#
#  Out of Memory Error (allocation.cpp:389), pid=18988, tid=0x00000000000042f8
#
# JRE version: Java(TM) SE Runtime Environment (8.0_241-b07) (build 1.8.0_241-b07)
# Java VM: Java HotSpot(TM) 64-Bit Server VM (25.241-b07 mixed mode windows-amd64 compressed oops)
# Failed to write core dump. Minidumps are not enabled by default on client versions of Windows
#

---------------  T H R E A D  ---------------

Current thread (0x000000001a0a3800):  JavaThread "C2 CompilerThread0" daemon [_thread_in_native, id=17144, stack(0x000000001a980000,0x000000001aa80000)]

Stack: [0x000000001a980000,0x000000001aa80000]
[error occurred during error reporting (printing stack bounds), id 0xc0000005]

Native frames: (J=compiled Java code, j=interpreted, Vv=VM code, C=native code)


Current CompileTask:
C2:  13884 4530       4       org.springframework.core.annotation.AnnotationsScanner::process (49 bytes)


---------------  P R O C E S S  ---------------

Java Threads: ( => current thread )
  0x000000001d24d800 JavaThread "HikariPool-1 connection adder" daemon [_thread_in_native, id=15196, stack(0x0000000023530000,0x0000000023630000)]
  0x000000001d84f000 JavaThread "HikariPool-1 housekeeper" daemon [_thread_blocked, id=10132, stack(0x0000000023230000,0x0000000023330000)]
  0x000000001f301000 JavaThread "InterruptTimer" daemon [_thread_blocked, id=22188, stack(0x0000000023130000,0x0000000023230000)]
  0x000000001fc5f000 JavaThread "oracle.jdbc.driver.BlockSource.ThreadedCachingBlockSource.BlockReleaser" daemon [_thread_blocked, id=956, stack(0x0000000022e30000,0x0000000022f30000)]
  0x0000000020dcc000 JavaThread "Timer-0" daemon [_thread_blocked, id=19648, stack(0x00000000210b0000,0x00000000211b0000)]
  0x0000000020404800 JavaThread "mysql-cj-abandoned-connection-cleanup" daemon [_thread_blocked, id=8628, stack(0x000000001e280000,0x000000001e380000)]
  0x000000001a295000 JavaThread "surefire-forkedjvm-ping-30s" daemon [_thread_in_vm, id=21672, stack(0x000000001b080000,0x000000001b180000)]
  0x000000001a203800 JavaThread "surefire-forkedjvm-command-thread" daemon [_thread_in_native, id=5200, stack(0x000000001af80000,0x000000001b080000)]
  0x000000001a12c800 JavaThread "Service Thread" daemon [_thread_blocked, id=4580, stack(0x000000001ad80000,0x000000001ae80000)]
  0x000000001a0b2800 JavaThread "C1 CompilerThread3" daemon [_thread_blocked, id=17192, stack(0x000000001ac80000,0x000000001ad80000)]
  0x000000001a0ab000 JavaThread "C2 CompilerThread2" daemon [_thread_in_native, id=9284, stack(0x000000001ab80000,0x000000001ac80000)]
  0x000000001a0a7000 JavaThread "C2 CompilerThread1" daemon [_thread_in_native, id=21856, stack(0x000000001aa80000,0x000000001ab80000)]
=>0x000000001a0a3800 JavaThread "C2 CompilerThread0" daemon [_thread_in_native, id=17144, stack(0x000000001a980000,0x000000001aa80000)]
  0x000000001a0a1800 JavaThread "Attach Listener" daemon [_thread_blocked, id=23516, stack(0x000000001a880000,0x000000001a980000)]
  0x000000001a09e000 JavaThread "Signal Dispatcher" daemon [_thread_blocked, id=18384, stack(0x000000001a780000,0x000000001a880000)]
  0x00000000032ce800 JavaThread "Finalizer" daemon [_thread_blocked, id=22516, stack(0x000000001a570000,0x000000001a670000)]
  0x00000000032c7800 JavaThread "Reference Handler" daemon [_thread_blocked, id=23120, stack(0x000000001a470000,0x000000001a570000)]
  0x00000000031d1800 JavaThread "main" [_thread_in_native, id=17736, stack(0x00000000030d0000,0x00000000031d0000)]

Other Threads:
  0x0000000018279800 VMThread [stack: 0x0000000019f70000,0x000000001a070000] [id=21744]
  0x000000001a156800 WatcherThread [stack: 0x000000001ae80000,0x000000001af80000] [id=20600]

VM state:not at safepoint (normal execution)

VM Mutex/Monitor currently owned by a thread: None

heap address: 0x0000000081600000, size: 2026 MB, Compressed Oops mode: 32-bit
Narrow klass base: 0x0000000000000000, Narrow klass shift: 3
Compressed class space size: 1073741824 Address: 0x0000000100000000

Heap:
 PSYoungGen      total 210944K, used 160035K [0x00000000d5d00000, 0x00000000e3f00000, 0x0000000100000000)
  eden space 200192K, 79% used [0x00000000d5d00000,0x00000000df948f58,0x00000000e2080000)
  from space 10752K, 0% used [0x00000000e3480000,0x00000000e3480000,0x00000000e3f00000)
  to   space 15360K, 0% used [0x00000000e2100000,0x00000000e2100000,0x00000000e3000000)
 ParOldGen       total 126464K, used 20862K [0x0000000081600000, 0x0000000089180000, 0x00000000d5d00000)
  object space 126464K, 16% used [0x0000000081600000,0x0000000082a5fa18,0x0000000089180000)
 Metaspace       used 62081K, capacity 65382K, committed 65664K, reserved 1105920K
  class space    used 8702K, capacity 9277K, committed 9344K, reserved 1048576K

Card table byte_map: [0x0000000012690000,0x0000000012a90000] byte_map_base: 0x0000000012285000

Marking Bits: (ParMarkBitMap*) 0x000000006d42be30
 Begin Bits: [0x0000000013540000, 0x00000000154e8000)
 End Bits:   [0x00000000154e8000, 0x0000000017490000)

Polling page: 0x0000000001140000

CodeCache: size=245760Kb used=14946Kb max_used=14979Kb free=230813Kb
 bounds [0x00000000032d0000, 0x0000000004190000, 0x00000000122d0000]
 total_blobs=4869 nmethods=4285 adapters=495
 compilation: enabled

Compilation events (10 events):
Event: 13.824 Thread 0x000000001a0b2800 4856       3       org.springframework.context.support.ApplicationObjectSupport::obtainApplicationContext (21 bytes)
Event: 13.824 Thread 0x000000001a0b2800 nmethod 4856 0x0000000003e53250 code [0x0000000003e533e0, 0x0000000003e53798]
Event: 13.824 Thread 0x000000001a0b2800 4858       3       java.util.concurrent.ConcurrentHashMap::forEach (65 bytes)
Event: 13.824 Thread 0x000000001a0b2800 nmethod 4858 0x0000000003dff250 code [0x0000000003dff400, 0x0000000003dff958]
Event: 13.824 Thread 0x000000001a0b2800 4857       3       java.util.concurrent.ConcurrentHashMap$Traverser::<init> (36 bytes)
Event: 13.824 Thread 0x000000001a0b2800 nmethod 4857 0x0000000003dfee50 code [0x0000000003dfefa0, 0x0000000003dff190]
Event: 13.825 Thread 0x000000001a0b2800 4859       3       org.springframework.core.MethodParameter::getParameterType (48 bytes)
Event: 13.825 Thread 0x000000001a0b2800 nmethod 4859 0x0000000003ebb2d0 code [0x0000000003ebb480, 0x0000000003ebba58]
Event: 13.828 Thread 0x000000001a0b2800 4860       3       java.beans.Introspector::getPropertyDescriptors (37 bytes)
Event: 13.828 Thread 0x000000001a0b2800 nmethod 4860 0x0000000003dfe750 code [0x0000000003dfe8e0, 0x0000000003dfed18]

GC Heap History (10 events):
Event: 3.215 GC heap before
{Heap before GC invocations=9 (full 1):
 PSYoungGen      total 139776K, used 106740K [0x00000000d5d00000, 0x00000000e1080000, 0x0000000100000000)
  eden space 130560K, 76% used [0x00000000d5d00000,0x00000000dbeea368,0x00000000ddc80000)
  from space 9216K, 70% used [0x00000000ddc80000,0x00000000de2d2da8,0x00000000de580000)
  to   space 8704K, 0% used [0x00000000e0800000,0x00000000e0800000,0x00000000e1080000)
 ParOldGen       total 56832K, used 7727K [0x0000000081600000, 0x0000000084d80000, 0x00000000d5d00000)
  object space 56832K, 13% used [0x0000000081600000,0x0000000081d8bde8,0x0000000084d80000)
 Metaspace       used 33444K, capacity 35314K, committed 35416K, reserved 1079296K
  class space    used 4433K, capacity 4785K, committed 4864K, reserved 1048576K
Event: 3.223 GC heap after
Heap after GC invocations=9 (full 1):
 PSYoungGen      total 173568K, used 8690K [0x00000000d5d00000, 0x00000000e3480000, 0x0000000100000000)
  eden space 164864K, 0% used [0x00000000d5d00000,0x00000000d5d00000,0x00000000dfe00000)
  from space 8704K, 99% used [0x00000000e0800000,0x00000000e107cbe0,0x00000000e1080000)
  to   space 10240K, 0% used [0x00000000dfe00000,0x00000000dfe00000,0x00000000e0800000)
 ParOldGen       total 56832K, used 9014K [0x0000000081600000, 0x0000000084d80000, 0x00000000d5d00000)
  object space 56832K, 15% used [0x0000000081600000,0x0000000081ecdb88,0x0000000084d80000)
 Metaspace       used 33444K, capacity 35314K, committed 35416K, reserved 1079296K
  class space    used 4433K, capacity 4785K, committed 4864K, reserved 1048576K
}
Event: 3.223 GC heap before
{Heap before GC invocations=10 (full 2):
 PSYoungGen      total 173568K, used 8690K [0x00000000d5d00000, 0x00000000e3480000, 0x0000000100000000)
  eden space 164864K, 0% used [0x00000000d5d00000,0x00000000d5d00000,0x00000000dfe00000)
  from space 8704K, 99% used [0x00000000e0800000,0x00000000e107cbe0,0x00000000e1080000)
  to   space 10240K, 0% used [0x00000000dfe00000,0x00000000dfe00000,0x00000000e0800000)
 ParOldGen       total 56832K, used 9014K [0x0000000081600000, 0x0000000084d80000, 0x00000000d5d00000)
  object space 56832K, 15% used [0x0000000081600000,0x0000000081ecdb88,0x0000000084d80000)
 Metaspace       used 33444K, capacity 35314K, committed 35416K, reserved 1079296K
  class space    used 4433K, capacity 4785K, committed 4864K, reserved 1048576K
Event: 3.265 GC heap after
Heap after GC invocations=10 (full 2):
 PSYoungGen      total 173568K, used 0K [0x00000000d5d00000, 0x00000000e3480000, 0x0000000100000000)
  eden space 164864K, 0% used [0x00000000d5d00000,0x00000000d5d00000,0x00000000dfe00000)
  from space 8704K, 0% used [0x00000000e0800000,0x00000000e0800000,0x00000000e1080000)
  to   space 10240K, 0% used [0x00000000dfe00000,0x00000000dfe00000,0x00000000e0800000)
 ParOldGen       total 89600K, used 14808K [0x0000000081600000, 0x0000000086d80000, 0x00000000d5d00000)
  object space 89600K, 16% used [0x0000000081600000,0x0000000082476140,0x0000000086d80000)
 Metaspace       used 33444K, capacity 35314K, committed 35416K, reserved 1079296K
  class space    used 4433K, capacity 4785K, committed 4864K, reserved 1048576K
}
Event: 10.116 GC heap before
{Heap before GC invocations=11 (full 2):
 PSYoungGen      total 173568K, used 164864K [0x00000000d5d00000, 0x00000000e3480000, 0x0000000100000000)
  eden space 164864K, 100% used [0x00000000d5d00000,0x00000000dfe00000,0x00000000dfe00000)
  from space 8704K, 0% used [0x00000000e0800000,0x00000000e0800000,0x00000000e1080000)
  to   space 10240K, 0% used [0x00000000dfe00000,0x00000000dfe00000,0x00000000e0800000)
 ParOldGen       total 89600K, used 14808K [0x0000000081600000, 0x0000000086d80000, 0x00000000d5d00000)
  object space 89600K, 16% used [0x0000000081600000,0x0000000082476140,0x0000000086d80000)
 Metaspace       used 53617K, capacity 55694K, committed 56192K, reserved 1097728K
  class space    used 7394K, capacity 7793K, committed 7808K, reserved 1048576K
Event: 10.143 GC heap after
Heap after GC invocations=11 (full 2):
 PSYoungGen      total 175104K, used 10236K [0x00000000d5d00000, 0x00000000e4380000, 0x0000000100000000)
  eden space 164864K, 0% used [0x00000000d5d00000,0x00000000d5d00000,0x00000000dfe00000)
  from space 10240K, 99% used [0x00000000dfe00000,0x00000000e07ff220,0x00000000e0800000)
  to   space 15360K, 0% used [0x00000000e3480000,0x00000000e3480000,0x00000000e4380000)
 ParOldGen       total 89600K, used 24999K [0x0000000081600000, 0x0000000086d80000, 0x00000000d5d00000)
  object space 89600K, 27% used [0x0000000081600000,0x0000000082e69d40,0x0000000086d80000)
 Metaspace       used 53617K, capacity 55694K, committed 56192K, reserved 1097728K
  class space    used 7394K, capacity 7793K, committed 7808K, reserved 1048576K
}
Event: 12.132 GC heap before
{Heap before GC invocations=12 (full 2):
 PSYoungGen      total 175104K, used 51944K [0x00000000d5d00000, 0x00000000e4380000, 0x0000000100000000)
  eden space 164864K, 25% used [0x00000000d5d00000,0x00000000d85baed0,0x00000000dfe00000)
  from space 10240K, 99% used [0x00000000dfe00000,0x00000000e07ff220,0x00000000e0800000)
  to   space 15360K, 0% used [0x00000000e3480000,0x00000000e3480000,0x00000000e4380000)
 ParOldGen       total 89600K, used 24999K [0x0000000081600000, 0x0000000086d80000, 0x00000000d5d00000)
  object space 89600K, 27% used [0x0000000081600000,0x0000000082e69d40,0x0000000086d80000)
 Metaspace       used 56577K, capacity 58674K, committed 59008K, reserved 1099776K
  class space    used 7874K, capacity 8287K, committed 8320K, reserved 1048576K
Event: 12.139 GC heap after
Heap after GC invocations=12 (full 2):
 PSYoungGen      total 210944K, used 10277K [0x00000000d5d00000, 0x00000000e3f00000, 0x0000000100000000)
  eden space 200192K, 0% used [0x00000000d5d00000,0x00000000d5d00000,0x00000000e2080000)
  from space 10752K, 95% used [0x00000000e3480000,0x00000000e3e895f0,0x00000000e3f00000)
  to   space 15360K, 0% used [0x00000000e2100000,0x00000000e2100000,0x00000000e3000000)
 ParOldGen       total 89600K, used 25039K [0x0000000081600000, 0x0000000086d80000, 0x00000000d5d00000)
  object space 89600K, 27% used [0x0000000081600000,0x0000000082e73d50,0x0000000086d80000)
 Metaspace       used 56577K, capacity 58674K, committed 59008K, reserved 1099776K
  class space    used 7874K, capacity 8287K, committed 8320K, reserved 1048576K
}
Event: 12.139 GC heap before
{Heap before GC invocations=13 (full 3):
 PSYoungGen      total 210944K, used 10277K [0x00000000d5d00000, 0x00000000e3f00000, 0x0000000100000000)
  eden space 200192K, 0% used [0x00000000d5d00000,0x00000000d5d00000,0x00000000e2080000)
  from space 10752K, 95% used [0x00000000e3480000,0x00000000e3e895f0,0x00000000e3f00000)
  to   space 15360K, 0% used [0x00000000e2100000,0x00000000e2100000,0x00000000e3000000)
 ParOldGen       total 89600K, used 25039K [0x0000000081600000, 0x0000000086d80000, 0x00000000d5d00000)
  object space 89600K, 27% used [0x0000000081600000,0x0000000082e73d50,0x0000000086d80000)
 Metaspace       used 56577K, capacity 58674K, committed 59008K, reserved 1099776K
  class space    used 7874K, capacity 8287K, committed 8320K, reserved 1048576K
Event: 12.248 GC heap after
Heap after GC invocations=13 (full 3):
 PSYoungGen      total 210944K, used 0K [0x00000000d5d00000, 0x00000000e3f00000, 0x0000000100000000)
  eden space 200192K, 0% used [0x00000000d5d00000,0x00000000d5d00000,0x00000000e2080000)
  from space 10752K, 0% used [0x00000000e3480000,0x00000000e3480000,0x00000000e3f00000)
  to   space 15360K, 0% used [0x00000000e2100000,0x00000000e2100000,0x00000000e3000000)
 ParOldGen       total 126464K, used 20862K [0x0000000081600000, 0x0000000089180000, 0x00000000d5d00000)
  object space 126464K, 16% used [0x0000000081600000,0x0000000082a5fa18,0x0000000089180000)
 Metaspace       used 56577K, capacity 58674K, committed 59008K, reserved 1099776K
  class space    used 7874K, capacity 8287K, committed 8320K, reserved 1048576K
}

Deoptimization events (10 events):
Event: 13.062 Thread 0x00000000031d1800 Uncommon trap: reason=unstable_if action=reinterpret pc=0x0000000003e03e10 method=org.springframework.boot.context.properties.source.ConfigurationPropertyName.dashIgnoringElementEquals(Lorg/springframework/boot/context/properties/source/ConfigurationPrope
Event: 13.268 Thread 0x00000000031d1800 Uncommon trap: reason=unstable_if action=reinterpret pc=0x0000000003a3d800 method=java.lang.Class.getEnclosingMethodInfo()Ljava/lang/Class$EnclosingMethodInfo; @ 6
Event: 13.343 Thread 0x00000000031d1800 Uncommon trap: reason=class_check action=maybe_recompile pc=0x00000000040bf980 method=org.springframework.core.annotation.AnnotationsScanner.processMethodHierarchy(Ljava/lang/Object;[ILjava/lang/Class;Lorg/springframework/core/annotation/AnnotationsProces
Event: 13.343 Thread 0x00000000031d1800 Uncommon trap: reason=class_check action=maybe_recompile pc=0x00000000040bf980 method=org.springframework.core.annotation.AnnotationsScanner.processMethodHierarchy(Ljava/lang/Object;[ILjava/lang/Class;Lorg/springframework/core/annotation/AnnotationsProces
Event: 13.350 Thread 0x00000000031d1800 Uncommon trap: reason=unstable_if action=reinterpret pc=0x00000000040c02ac method=org.springframework.core.annotation.AnnotationsScanner.processMethodHierarchy(Ljava/lang/Object;[ILjava/lang/Class;Lorg/springframework/core/annotation/AnnotationsProcessor;
Event: 13.389 Thread 0x00000000031d1800 Uncommon trap: reason=unstable_if action=reinterpret pc=0x0000000003a564c0 method=org.springframework.beans.factory.support.AbstractBeanFactory.isTypeMatch(Ljava/lang/String;Lorg/springframework/core/ResolvableType;Z)Z @ 559
Event: 13.444 Thread 0x00000000031d1800 Uncommon trap: reason=unstable_if action=reinterpret pc=0x00000000040db52c method=java.lang.Class.getEnclosingMethodInfo()Ljava/lang/Class$EnclosingMethodInfo; @ 6
Event: 13.496 Thread 0x00000000031d1800 Uncommon trap: reason=unstable_if action=reinterpret pc=0x0000000003ddb370 method=java.util.concurrent.ConcurrentHashMap.putVal(Ljava/lang/Object;Ljava/lang/Object;Z)Ljava/lang/Object; @ 331
Event: 13.498 Thread 0x00000000031d1800 Uncommon trap: reason=unstable_if action=reinterpret pc=0x00000000033ea668 method=java.util.concurrent.ConcurrentHashMap.get(Ljava/lang/Object;)Ljava/lang/Object; @ 86
Event: 13.780 Thread 0x00000000031d1800 Uncommon trap: reason=unstable_if action=reinterpret pc=0x0000000003517dc0 method=org.springframework.core.annotation.AnnotationsScanner.isWithoutHierarchy(Ljava/lang/reflect/AnnotatedElement;Lorg/springframework/core/annotation/MergedAnnotations$SearchSt

Classes redefined (0 events):
No events

Internal exceptions (10 events):
Event: 13.831 Thread 0x00000000031d1800 Exception <a 'java/lang/ClassNotFoundException': org/springframework/beans/factory/InitializingBeanCustomizer> (0x00000000df06d320) thrown at [C:\ade\jenkins\workspace\8-2-build-windows-amd64-cygwin\jdk8u241\331\hotspot\src\share\vm\classfile\systemDictio
Event: 13.832 Thread 0x00000000031d1800 Exception <a 'java/lang/ClassNotFoundException': org/springframework/web/servlet/HandlerMappingCustomizer> (0x00000000df0943e8) thrown at [C:\ade\jenkins\workspace\8-2-build-windows-amd64-cygwin\jdk8u241\331\hotspot\src\share\vm\classfile\systemDictionary
Event: 13.832 Thread 0x00000000031d1800 Exception <a 'java/lang/ClassNotFoundException': org/springframework/core/OrderedCustomizer> (0x00000000df0b4150) thrown at [C:\ade\jenkins\workspace\8-2-build-windows-amd64-cygwin\jdk8u241\331\hotspot\src\share\vm\classfile\systemDictionary.cpp, line 210
Event: 13.833 Thread 0x00000000031d1800 Exception <a 'java/lang/ClassNotFoundException': org/springframework/beans/factory/BeanNameAwareCustomizer> (0x00000000df0db6d0) thrown at [C:\ade\jenkins\workspace\8-2-build-windows-amd64-cygwin\jdk8u241\331\hotspot\src\share\vm\classfile\systemDictionar
Event: 13.834 Thread 0x00000000031d1800 Exception <a 'java/lang/ClassNotFoundException': org/springframework/beans/factory/AwareCustomizer> (0x00000000df0ff4d0) thrown at [C:\ade\jenkins\workspace\8-2-build-windows-amd64-cygwin\jdk8u241\331\hotspot\src\share\vm\classfile\systemDictionary.cpp, l
Event: 13.834 Thread 0x00000000031d1800 Exception <a 'java/lang/ClassNotFoundException': org/springframework/web/context/ServletContextAwareCustomizer> (0x00000000df1284c8) thrown at [C:\ade\jenkins\workspace\8-2-build-windows-amd64-cygwin\jdk8u241\331\hotspot\src\share\vm\classfile\systemDicti
Event: 13.835 Thread 0x00000000031d1800 Exception <a 'java/lang/ClassNotFoundException': org/springframework/beans/factory/AwareCustomizer> (0x00000000df14c358) thrown at [C:\ade\jenkins\workspace\8-2-build-windows-amd64-cygwin\jdk8u241\331\hotspot\src\share\vm\classfile\systemDictionary.cpp, l
Event: 13.835 Thread 0x00000000031d1800 Exception <a 'java/lang/ClassNotFoundException': org/springframework/context/ApplicationContextAwareCustomizer> (0x00000000df175300) thrown at [C:\ade\jenkins\workspace\8-2-build-windows-amd64-cygwin\jdk8u241\331\hotspot\src\share\vm\classfile\systemDicti
Event: 13.836 Thread 0x00000000031d1800 Exception <a 'java/lang/ClassNotFoundException': org/springframework/beans/factory/AwareCustomizer> (0x00000000df199728) thrown at [C:\ade\jenkins\workspace\8-2-build-windows-amd64-cygwin\jdk8u241\331\hotspot\src\share\vm\classfile\systemDictionary.cpp, l
Event: 13.838 Thread 0x00000000031d1800 Exception <a 'java/lang/IncompatibleClassChangeError': Found class java.lang.Object, but interface was expected> (0x00000000df1bc600) thrown at [C:\ade\jenkins\workspace\8-2-build-windows-amd64-cygwin\jdk8u241\331\hotspot\src\share\vm\interpreter\linkReso

Events (10 events):
Event: 13.835 loading class org/springframework/beans/factory/AwareCustomizer done
Event: 13.836 loading class org/springframework/beans/factory/AwareCustomizer
Event: 13.836 loading class org/springframework/beans/factory/AwareCustomizer done
Event: 13.836 loading class org/springframework/beans/factory/AwareCustomizer
Event: 13.836 loading class org/springframework/beans/factory/AwareCustomizer done
Event: 13.838 loading class org/springframework/web/servlet/function/RouterFunction
Event: 13.838 loading class org/springframework/web/servlet/function/RouterFunction done
Event: 13.838 loading class org/springframework/web/servlet/function/RouterFunction
Event: 13.838 loading class org/springframework/web/servlet/function/RouterFunction done
Event: 13.838 loading class java/util/stream/ReduceOps$2


Dynamic libraries:
0x00007ff7b6160000 - 0x00007ff7b6197000 	C:\Program Files\Java\jdk1.8.0_241\jre\bin\java.exe
0x00007ffdeeb10000 - 0x00007ffdeed04000 	C:\WINDOWS\SYSTEM32\ntdll.dll
0x00007ffded0b0000 - 0x00007ffded16d000 	C:\WINDOWS\System32\KERNEL32.DLL
0x00007ffdec4d0000 - 0x00007ffdec791000 	C:\WINDOWS\System32\KERNELBASE.dll
0x00007ffdecbc0000 - 0x00007ffdecc6a000 	C:\WINDOWS\System32\ADVAPI32.dll
0x00007ffded010000 - 0x00007ffded0ae000 	C:\WINDOWS\System32\msvcrt.dll
0x00007ffdedfa0000 - 0x00007ffdee03b000 	C:\WINDOWS\System32\sechost.dll
0x00007ffdeda00000 - 0x00007ffdedb20000 	C:\WINDOWS\System32\RPCRT4.dll
0x00007ffded6b0000 - 0x00007ffded850000 	C:\WINDOWS\System32\USER32.dll
0x00007ffdec850000 - 0x00007ffdec872000 	C:\WINDOWS\System32\win32u.dll
0x00007ffded670000 - 0x00007ffded69a000 	C:\WINDOWS\System32\GDI32.dll
0x00007ffdec980000 - 0x00007ffdeca8a000 	C:\WINDOWS\System32\gdi32full.dll
0x00007ffdec430000 - 0x00007ffdec4cd000 	C:\WINDOWS\System32\msvcp_win.dll
0x00007ffdec880000 - 0x00007ffdec97e000 	C:\WINDOWS\System32\ucrtbase.dll
0x00007ffdeb650000 - 0x00007ffdeb8ea000 	C:\WINDOWS\WinSxS\amd64_microsoft.windows.common-controls_6595b64144ccf1df_6.0.19002.1_none_b556e4f74683f5ff\COMCTL32.dll
0x00007ffdecd50000 - 0x00007ffdecd80000 	C:\WINDOWS\System32\IMM32.DLL
0x000000006eb60000 - 0x000000006ec32000 	C:\Program Files\Java\jdk1.8.0_241\jre\bin\msvcr100.dll
0x000000006cc00000 - 0x000000006d4ac000 	C:\Program Files\Java\jdk1.8.0_241\jre\bin\server\jvm.dll
0x00007ffdedf90000 - 0x00007ffdedf98000 	C:\WINDOWS\System32\PSAPI.DLL
0x00007ffdd90e0000 - 0x00007ffdd90e9000 	C:\WINDOWS\SYSTEM32\WSOCK32.dll
0x00007ffddb780000 - 0x00007ffddb7a7000 	C:\WINDOWS\SYSTEM32\WINMM.dll
0x00007ffde4880000 - 0x00007ffde488a000 	C:\WINDOWS\SYSTEM32\VERSION.dll
0x00007ffded990000 - 0x00007ffded9fb000 	C:\WINDOWS\System32\WS2_32.dll
0x00007ffdea3f0000 - 0x00007ffdea3ff000 	C:\Program Files\Java\jdk1.8.0_241\jre\bin\verify.dll
0x00007ffddaba0000 - 0x00007ffddabc9000 	C:\Program Files\Java\jdk1.8.0_241\jre\bin\java.dll
0x00007ffdea3d0000 - 0x00007ffdea3e6000 	C:\Program Files\Java\jdk1.8.0_241\jre\bin\zip.dll
0x00007ffdee300000 - 0x00007ffdeea17000 	C:\WINDOWS\System32\SHELL32.dll
0x00007ffde96a0000 - 0x00007ffde9e28000 	C:\WINDOWS\SYSTEM32\windows.storage.dll
0x00007ffded310000 - 0x00007ffded661000 	C:\WINDOWS\System32\combase.dll
0x00007ffdeea20000 - 0x00007ffdeeace000 	C:\WINDOWS\System32\SHCORE.dll
0x00007ffded2b0000 - 0x00007ffded305000 	C:\WINDOWS\System32\shlwapi.dll
0x00007ffdec1e0000 - 0x00007ffdec1ff000 	C:\WINDOWS\SYSTEM32\profapi.dll
0x00007ffde34a0000 - 0x00007ffde34ad000 	C:\Program Files\Java\jdk1.8.0_241\jre\bin\management.dll
0x00007ffddab80000 - 0x00007ffddab9a000 	C:\Program Files\Java\jdk1.8.0_241\jre\bin\net.dll
0x00007ffdeb340000 - 0x00007ffdeb3ab000 	C:\WINDOWS\system32\mswsock.dll
0x00007ffdda9d0000 - 0x00007ffdda9e2000 	C:\Program Files\Java\jdk1.8.0_241\jre\bin\nio.dll
0x00007ffdcd1b0000 - 0x00007ffdcd1c7000 	C:\WINDOWS\system32\napinsp.dll
0x00007ffdcd1d0000 - 0x00007ffdcd1eb000 	C:\WINDOWS\system32\pnrpnsp.dll
0x00007ffdeb080000 - 0x00007ffdeb146000 	C:\WINDOWS\SYSTEM32\DNSAPI.dll
0x00007ffdeb040000 - 0x00007ffdeb07b000 	C:\WINDOWS\SYSTEM32\IPHLPAPI.DLL
0x00007ffded6a0000 - 0x00007ffded6a8000 	C:\WINDOWS\System32\NSI.dll
0x00007ffdcd800000 - 0x00007ffdcd812000 	C:\WINDOWS\System32\winrnr.dll
0x00007ffde5c40000 - 0x00007ffde5c5d000 	C:\WINDOWS\system32\NLAapi.dll
0x00007ffde3b50000 - 0x00007ffde3b65000 	C:\WINDOWS\system32\wshbth.dll
0x00007ffddb7f0000 - 0x00007ffddb7fa000 	C:\Windows\System32\rasadhlp.dll
0x00007ffde4e20000 - 0x00007ffde4e9f000 	C:\WINDOWS\System32\fwpuclnt.dll
0x00007ffdec400000 - 0x00007ffdec427000 	C:\WINDOWS\System32\bcrypt.dll
0x00007ffdebbb0000 - 0x00007ffdebbc8000 	C:\WINDOWS\SYSTEM32\CRYPTSP.dll
0x00007ffdead00000 - 0x00007ffdead34000 	C:\WINDOWS\system32\rsaenh.dll
0x00007ffdec1a0000 - 0x00007ffdec1ce000 	C:\WINDOWS\SYSTEM32\USERENV.dll
0x00007ffdecae0000 - 0x00007ffdecb58000 	C:\WINDOWS\System32\bcryptprimitives.dll
0x00007ffdeb570000 - 0x00007ffdeb57c000 	C:\WINDOWS\SYSTEM32\CRYPTBASE.dll
0x00007ffde48b0000 - 0x00007ffde48c7000 	C:\WINDOWS\SYSTEM32\dhcpcsvc6.DLL
0x00007ffde4860000 - 0x00007ffde487d000 	C:\WINDOWS\SYSTEM32\dhcpcsvc.DLL
0x00007ffdda6d0000 - 0x00007ffdda6f4000 	C:\Program Files\Java\jdk1.8.0_241\jre\bin\sunec.dll

VM Arguments:
java_command: C:\Users\SAMUEL~1.SIL\AppData\Local\Temp\surefire7324896177295395835\surefirebooter6142495657427578496.jar C:\Users\samuel.silva\AppData\Local\Temp\surefire7324896177295395835 2020-03-05T19-27-10_184-jvmRun1 surefire5062169859621909645tmp surefire_01511948602203009549tmp
java_class_path (initial): C:\Users\SAMUEL~1.SIL\AppData\Local\Temp\surefire7324896177295395835\surefirebooter6142495657427578496.jar
Launcher Type: SUN_STANDARD

Environment Variables:
JAVA_HOME=C:\Program Files\Java\jdk1.8.0_241
PATH=C:/Program Files/Java/jre1.8.0_241/bin/server;C:/Program Files/Java/jre1.8.0_241/bin;C:/Program Files/Java/jre1.8.0_241/lib/amd64;C:\Program Files (x86)\Common Files\Oracle\Java\javapath;C:\WINDOWS\system32;C:\WINDOWS;C:\WINDOWS\System32\Wbem;C:\WINDOWS\System32\WindowsPowerShell\v1.0\;C:\WINDOWS\System32\OpenSSH\;C:\Program Files\Git\cmd;C:\Program Files (x86)\Brackets\command;C:\Program Files\PuTTY\;C:\Program Files\dotnet\;C:\Users\samuel.silva\AppData\Local\Microsoft\WindowsApps;C:\Program Files\heroku\bin;C:\Users\samuel.silva\Documents\JAVA\sts-4.5.0.RELEASE;
USERNAME=samuel.silva
OS=Windows_NT
PROCESSOR_IDENTIFIER=Intel64 Family 6 Model 142 Stepping 10, GenuineIntel



---------------  S Y S T E M  ---------------

OS: Windows 10.0 , 64 bit Build 19002 (10.0.19002.1)

CPU:total 8 (initial active 8) (4 cores per cpu, 2 threads per core) family 6 model 142 stepping 10, cmov, cx8, fxsr, mmx, sse, sse2, sse3, ssse3, sse4.1, sse4.2, popcnt, avx, avx2, aes, clmul, erms, 3dnowpref, lzcnt, ht, tsc, tscinvbit, bmi1, bmi2, adx

Memory: 4k page, physical 8295652k(419224k free), swap 12489956k(4796k free)

vm_info: Java HotSpot(TM) 64-Bit Server VM (25.241-b07) for windows-amd64 JRE (1.8.0_241-b07), built on Dec 11 2019 10:21:40 by "rejava" with MS VC++ 10.0 (VS2010)

time: Thu Mar 05 19:27:25 2020
timezone: Hora oficial do Brasil
elapsed time: 13 seconds (0d 0h 0m 13s)

